<?xml version="1.0" encoding="UTF-8"?>
<!-- Generated by org.testng.reporters.JUnitReportReporter -->
<testsuite skipped="0" hostname="DESKTOP-4MFQ21B" name="com.crm.testcases.ContactsPageTest" tests="6" failures="0" timestamp="2020-12-28T14:32:18 EST" time="79.550" errors="0">
  <testcase name="ValidateContactsLabel" time="11.202" classname="com.crm.testcases.ContactsPageTest"/>
  <system-out/>
  <testcase name="ValidateCreateNewContact" time="13.293" classname="com.crm.testcases.ContactsPageTest"/>
  <system-out/>
  <testcase name="ValidateCreateNewContact" time="14.552" classname="com.crm.testcases.ContactsPageTest"/>
  <system-out/>
  <testcase name="ValidateCreateNewContact" time="13.300" classname="com.crm.testcases.ContactsPageTest"/>
  <system-out/>
  <testcase name="ValidateCreateNewContact" time="14.295" classname="com.crm.testcases.ContactsPageTest"/>
  <system-out/>
  <testcase name="ValidateCreateNewContact" time="12.908" classname="com.crm.testcases.ContactsPageTest"/>
  <system-out/>
</testsuite> <!-- com.crm.testcases.ContactsPageTest -->
