<?xml version="1.0" encoding="UTF-8"?>
<!-- Generated by org.testng.reporters.JUnitReportReporter -->
<testsuite skipped="0" hostname="DESKTOP-4MFQ21B" name="com.crm.testcases.LoginPagetest" tests="2" failures="0" timestamp="2020-12-28T14:32:18 EST" time="29.233" errors="0">
  <testcase name="LoginTest" time="11.630" classname="com.crm.testcases.LoginPagetest"/>
  <system-out/>
  <testcase name="LoginPageTitletest" time="17.603" classname="com.crm.testcases.LoginPagetest"/>
  <system-out/>
</testsuite> <!-- com.crm.testcases.LoginPagetest -->
