<?xml version="1.0" encoding="UTF-8"?>
<!-- Generated by org.testng.reporters.JUnitReportReporter -->
<testsuite skipped="0" hostname="DESKTOP-4MFQ21B" name="com.crm.testcases.HomePageTest" tests="3" failures="0" timestamp="2020-12-28T14:32:18 EST" time="34.893" errors="0">
  <testcase name="verifyHomePageTitleTest" time="11.912" classname="com.crm.testcases.HomePageTest"/>
  <system-out/>
  <testcase name="verifyUserDisplayTest" time="11.345" classname="com.crm.testcases.HomePageTest"/>
  <system-out/>
  <testcase name="verifyContactsLinkTest" time="11.636" classname="com.crm.testcases.HomePageTest"/>
  <system-out/>
</testsuite> <!-- com.crm.testcases.HomePageTest -->
